User created: ranil
User created: nimal
User created: kamal
User created: 
User created: ranil
User created: nimal
User created: kamal
User created: 
User created: ranil
User created: nimal
User created: kamal
User created: 
User created: ranil
User created: nimal
User created: kamal
User created: 
ranil already exists
nimal already exists
kamal already exists
User created: 
ranil already exists
nimal already exists
kamal already exists
User created: 
ranil already exists
nimal already exists
kamal already exists
User created: 
User created: kasun
User created: sunil
User created: bashitha
User created: 
User created: kasun
User created: sunil
User created: bashitha
User created: 
kasun already exit
sunil already exit
bashitha already exit
User created: 
User created: Yasiru
User created: Kamal
User created: Nimal
User created: Testuser
User created: 
Yasiru already exit
Kamal already exit
Nimal already exit
Testuser already exit
User created: 
Sat Nov 22 09:06:59 PM +0530 2025: User Yasiru already exists
Sat Nov 22 09:06:59 PM +0530 2025: User Kamal already exists
Sat Nov 22 09:06:59 PM +0530 2025: User Nimal already exists
Sat Nov 22 09:06:59 PM +0530 2025: User Testuser already exists
Sat Nov 22 09:07:53 PM +0530 2025: User Yasiru already exists
Sat Nov 22 09:07:53 PM +0530 2025: User Kamal already exists
Sat Nov 22 09:07:53 PM +0530 2025: User Nimal already exists
Sat Nov 22 09:07:53 PM +0530 2025: User Testuser already exists
Sat Nov 22 09:07:53 PM +0530 2025: Created user: Sunil
Sat Nov 22 09:07:53 PM +0530 2025: Created user: Kasun
Sat Nov 22 09:33:23 PM +0530 2025: Created user: Yasiru
Sat Nov 22 09:33:23 PM +0530 2025: Created user: Kamal
Sat Nov 22 09:33:23 PM +0530 2025: Created user: Nimal
Sat Nov 22 09:33:23 PM +0530 2025: Created user: Testuser
Sat Nov 22 09:33:23 PM +0530 2025: Created user: Sunil
Sat Nov 22 09:33:23 PM +0530 2025: Created user: Kasun
Sat Nov 22 09:33:23 PM +0530 2025: Created user: Sadun
Sat Nov 22 09:33:50 PM +0530 2025: Created user: Yasiru
Sat Nov 22 09:33:50 PM +0530 2025: Created user: Kamal
Sat Nov 22 09:33:50 PM +0530 2025: Created user: Nimal
Sat Nov 22 09:33:50 PM +0530 2025: Created user: Testuser
Sat Nov 22 09:33:51 PM +0530 2025: Created user: Sunil
Sat Nov 22 09:33:51 PM +0530 2025: Created user: Kasun
Sat Nov 22 09:33:51 PM +0530 2025: Created user: Sadun
Sat Nov 22 09:35:07 PM +0530 2025: User Yasiru already exists
Sat Nov 22 09:35:07 PM +0530 2025: User Kamal already exists
Sat Nov 22 09:35:07 PM +0530 2025: User Nimal already exists
Sat Nov 22 09:35:07 PM +0530 2025: User Testuser already exists
Sat Nov 22 09:35:07 PM +0530 2025: User Sunil already exists
Sat Nov 22 09:35:07 PM +0530 2025: User Kasun already exists
Sat Nov 22 09:35:07 PM +0530 2025: User Sadun already exists
Sat Nov 22 09:59:19 PM +0530 2025: User Yasiru already exists
Sat Nov 22 09:59:19 PM +0530 2025: User Kamal already exists
Sat Nov 22 09:59:19 PM +0530 2025: User Nimal already exists
Sat Nov 22 09:59:19 PM +0530 2025: User Testuser already exists
Sat Nov 22 09:59:19 PM +0530 2025: User Sunil already exists
Sat Nov 22 09:59:19 PM +0530 2025: User Kasun already exists
Sat Nov 22 09:59:19 PM +0530 2025: User Sadun already exists
